<?xml version="1.0" encoding="UTF-8"?>
<!-- Generated by org.testng.reporters.JUnitReportReporter -->
<testsuite hostname="HashStudiozs-MacBook-Pro.local" failures="0" tests="1" name="restAssuredAPITesting.TC_007_GET_Autherization" time="4.011" errors="0" timestamp="12 Sept 2021 06:51:42 GMT" skipped="0">
  <testcase classname="restAssuredAPITesting.TC_007_GET_Autherization" name="AuthenticateTest" time="4.011"/>
</testsuite> <!-- restAssuredAPITesting.TC_007_GET_Autherization -->
