<?xml version="1.0" encoding="UTF-8"?>
<!-- Generated by org.testng.reporters.JUnitReportReporter -->
<testsuite hostname="HashStudiozs-MacBook-Pro.local" failures="0" tests="1" name="restAssuredAPITesting.TC_003_GET_REQUEST" time="3.366" errors="0" timestamp="08 Sept 2021 15:22:35 GMT" skipped="0">
  <testcase classname="restAssuredAPITesting.TC_003_GET_REQUEST" name="weatherAPIvaidateheaders" time="3.366"/>
</testsuite> <!-- restAssuredAPITesting.TC_003_GET_REQUEST -->
