<?xml version="1.0" encoding="UTF-8"?>
<!-- Generated by org.testng.reporters.JUnitReportReporter -->
<testsuite hostname="HashStudiozs-MacBook-Pro.local" failures="0" tests="5" name="com.testNg.concepts.Tutorial_6_Grouping_Testcases" time="0.061" errors="0" timestamp="01 Nov 2021 15:05:45 GMT" skipped="0">
  <testcase classname="com.testNg.concepts.Tutorial_6_Grouping_Testcases" name="test2" time="0.011"/>
  <testcase classname="com.testNg.concepts.Tutorial_6_Grouping_Testcases" name="test5" time="0.015"/>
  <testcase classname="com.testNg.concepts.Tutorial_6_Grouping_Testcases" name="test4" time="0.006"/>
  <testcase classname="com.testNg.concepts.Tutorial_6_Grouping_Testcases" name="test3" time="0.003"/>
  <testcase classname="com.testNg.concepts.Tutorial_6_Grouping_Testcases" name="test1" time="0.026"/>
</testsuite> <!-- com.testNg.concepts.Tutorial_6_Grouping_Testcases -->
