<?xml version="1.0" encoding="UTF-8"?>
<!-- Generated by org.testng.reporters.JUnitReportReporter -->
<testsuite hostname="HashStudiozs-MacBook-Pro.local" failures="0" tests="6" name="com.testNg.concepts.Tutorial_9_Data_Provider" time="0.059" errors="0" timestamp="07 Nov 2021 07:19:21 GMT" skipped="0">
  <testcase classname="com.testNg.concepts.Tutorial_9_Data_Provider" name="addEmployee" time="0.004"/>
  <testcase classname="com.testNg.concepts.Tutorial_9_Data_Provider" name="loginTest" time="0.007"/>
  <testcase classname="com.testNg.concepts.Tutorial_9_Data_Provider" name="loginTest" time="0.004"/>
  <testcase classname="com.testNg.concepts.Tutorial_9_Data_Provider" name="addEmployee" time="0.014"/>
  <testcase classname="com.testNg.concepts.Tutorial_9_Data_Provider" name="addEmployee" time="0.012"/>
  <testcase classname="com.testNg.concepts.Tutorial_9_Data_Provider" name="loginTest" time="0.018"/>
</testsuite> <!-- com.testNg.concepts.Tutorial_9_Data_Provider -->
