<?xml version="1.0" encoding="UTF-8"?>
<!-- Generated by org.testng.reporters.JUnitReportReporter -->
<testsuite hostname="HashStudiozs-MacBook-Pro.local" failures="0" tests="2" name="parallelTest.Parallel_Test_1" time="22.668" errors="0" timestamp="07 Nov 2021 08:39:02 GMT" skipped="0">
  <testcase classname="parallelTest.Parallel_Test_1" name="homeTitle" time="12.075"/>
  <testcase classname="parallelTest.Parallel_Test_1" name="logoTest" time="10.593"/>
</testsuite> <!-- parallelTest.Parallel_Test_1 -->
