<?xml version="1.0" encoding="UTF-8"?>
<!-- Generated by org.testng.reporters.JUnitReportReporter -->
<testsuite hostname="HashStudiozs-MacBook-Pro.local" failures="0" tests="1" name="parallelTest.Parallel_Test_2" time="14.974" errors="0" timestamp="07 Nov 2021 08:39:02 GMT" skipped="0">
  <testcase classname="parallelTest.Parallel_Test_2" name="loginTest" time="14.974"/>
</testsuite> <!-- parallelTest.Parallel_Test_2 -->
