<?xml version="1.0" encoding="UTF-8"?>
<!-- Generated by org.testng.reporters.JUnitReportReporter -->
<testsuite hostname="HashStudiozs-MacBook-Pro.local" failures="0" tests="4" name="com.testNg.concepts.Tutorial_4" time="0.035" errors="0" timestamp="30 Oct 2021 09:56:26 GMT" skipped="1">
  <testcase classname="com.testNg.concepts.Tutorial_4" name="TestCase_One" time="0.025"/>
  <testcase classname="com.testNg.concepts.Tutorial_4" name="TestCase_Three" time="0.006"/>
  <testcase classname="com.testNg.concepts.Tutorial_4" name="TestCase_Two" time="0.004"/>
  <testcase classname="com.testNg.concepts.Tutorial_4" name="TestCase_Four">
    <skipped/>
  </testcase> <!-- TestCase_Four -->
</testsuite> <!-- com.testNg.concepts.Tutorial_4 -->
