<?xml version="1.0" encoding="UTF-8"?>
<!-- Generated by org.testng.reporters.JUnitReportReporter -->
<testsuite hostname="HashStudiozs-MacBook-Pro.local" failures="0" tests="3" name="com.employee.framework.TC003_Post_Employee_Record" time="0.075" errors="0" timestamp="09 Oct 2021 15:27:30 GMT" skipped="0">
  <testcase classname="com.employee.framework.TC003_Post_Employee_Record" name="CheckresponseBody" time="0.069"/>
  <testcase classname="com.employee.framework.TC003_Post_Employee_Record" name="checkContentEncoding" time="0.003"/>
  <testcase classname="com.employee.framework.TC003_Post_Employee_Record" name="checkServerType" time="0.003"/>
</testsuite> <!-- com.employee.framework.TC003_Post_Employee_Record -->
