<?xml version="1.0" encoding="UTF-8"?>
<!-- Generated by org.testng.reporters.JUnitReportReporter -->
<testsuite hostname="HashStudiozs-MacBook-Pro.local" failures="0" tests="1" name="parallelTest.Paralled_Test_2" time="15.421" errors="0" timestamp="07 Nov 2021 08:36:47 GMT" skipped="0">
  <testcase classname="parallelTest.Paralled_Test_2" name="loginTest" time="15.421"/>
</testsuite> <!-- parallelTest.Paralled_Test_2 -->
