<?xml version="1.0" encoding="UTF-8"?>
<!-- Generated by org.testng.reporters.JUnitReportReporter -->
<testsuite hostname="HashStudiozs-MacBook-Pro.local" failures="0" tests="1" name="restAssuredAPITesting.TC_004_GET_ALL_HEADERS" time="3.037" errors="0" timestamp="09 Sept 2021 15:17:00 GMT" skipped="0">
  <testcase classname="restAssuredAPITesting.TC_004_GET_ALL_HEADERS" name="weatherHeaders" time="3.037"/>
</testsuite> <!-- restAssuredAPITesting.TC_004_GET_ALL_HEADERS -->
