<?xml version="1.0" encoding="UTF-8"?>
<!-- Generated by org.testng.reporters.JUnitReportReporter -->
<testsuite hostname="HashStudiozs-MacBook-Pro.local" failures="0" tests="3" name="dataDriven.DDT_001_POST_CREATE_USER" time="4.205" errors="0" timestamp="13 Sept 2021 15:47:25 GMT" skipped="0">
  <testcase classname="dataDriven.DDT_001_POST_CREATE_USER" name="dataDriveCreateuserTestcase" time="2.799"/>
  <testcase classname="dataDriven.DDT_001_POST_CREATE_USER" name="dataDriveCreateuserTestcase" time="0.598"/>
  <testcase classname="dataDriven.DDT_001_POST_CREATE_USER" name="dataDriveCreateuserTestcase" time="0.808"/>
</testsuite> <!-- dataDriven.DDT_001_POST_CREATE_USER -->
