<?xml version="1.0" encoding="UTF-8"?>
<!-- Generated by org.testng.reporters.JUnitReportReporter -->
<testsuite hostname="HashStudiozs-MacBook-Pro.local" failures="0" tests="1" name="restAssuredAPITesting.TC_003_GET_REQUEST" time="2.635" errors="0" timestamp="07 Oct 2021 12:32:58 GMT" skipped="0">
  <testcase classname="restAssuredAPITesting.TC_003_GET_REQUEST" name="weatherAPIvaidateheaders" time="2.635"/>
</testsuite> <!-- restAssuredAPITesting.TC_003_GET_REQUEST -->
