<?xml version="1.0" encoding="UTF-8"?>
<!-- Generated by org.testng.reporters.JUnitReportReporter -->
<testsuite hostname="HashStudiozs-MacBook-Pro.local" failures="0" tests="3" name="com.employee.framework.TC002_Get_Single_Employee_Record" time="0.094" errors="0" timestamp="08 Oct 2021 15:01:51 GMT" skipped="0">
  <testcase classname="com.employee.framework.TC002_Get_Single_Employee_Record" name="checkStatusCode" time="0.003"/>
  <testcase classname="com.employee.framework.TC002_Get_Single_Employee_Record" name="checkResponseTime" time="0.003"/>
  <testcase classname="com.employee.framework.TC002_Get_Single_Employee_Record" name="checkResponseBody" time="0.088"/>
</testsuite> <!-- com.employee.framework.TC002_Get_Single_Employee_Record -->
