<?xml version="1.0" encoding="UTF-8"?>
<!-- Generated by org.testng.reporters.JUnitReportReporter -->
<testsuite hostname="HashStudiozs-MacBook-Pro.local" failures="0" tests="3" name="com.testNg.concepts.IntroductionTestNg" time="0.038" errors="0" timestamp="28 Oct 2021 14:04:35 GMT" skipped="0">
  <testcase classname="com.testNg.concepts.IntroductionTestNg" name="setup" time="0.017"/>
  <testcase classname="com.testNg.concepts.IntroductionTestNg" name="login" time="0.012"/>
  <testcase classname="com.testNg.concepts.IntroductionTestNg" name="teardown" time="0.009"/>
</testsuite> <!-- com.testNg.concepts.IntroductionTestNg -->
