<?xml version="1.0" encoding="UTF-8"?>
<!-- Generated by org.testng.reporters.JUnitReportReporter -->
<testsuite hostname="HashStudiozs-MacBook-Pro.local" failures="0" tests="1" name="restAssuredAPITesting.TC001_GET_Request" time="2.996" errors="0" timestamp="08 Sept 2021 07:05:53 GMT" skipped="0">
  <testcase classname="restAssuredAPITesting.TC001_GET_Request" name="getweatherdetails" time="2.996"/>
</testsuite> <!-- restAssuredAPITesting.TC001_GET_Request -->
