<?xml version="1.0" encoding="UTF-8"?>
<!-- Generated by org.testng.reporters.JUnitReportReporter -->
<testsuite hostname="HashStudiozs-MacBook-Pro.local" failures="0" tests="4" name="com.testNg.concepts.Tutorial_2_TestNgxml" time="0.040" errors="0" timestamp="28 Oct 2021 14:04:35 GMT" skipped="0">
  <testcase classname="com.testNg.concepts.Tutorial_2_TestNgxml" name="setup" time="0.014"/>
  <testcase classname="com.testNg.concepts.Tutorial_2_TestNgxml" name="addCustomer" time="0.013"/>
  <testcase classname="com.testNg.concepts.Tutorial_2_TestNgxml" name="searchCustomer" time="0.010"/>
  <testcase classname="com.testNg.concepts.Tutorial_2_TestNgxml" name="teardown" time="0.003"/>
</testsuite> <!-- com.testNg.concepts.Tutorial_2_TestNgxml -->
