<?xml version="1.0" encoding="UTF-8"?>
<!-- Generated by org.testng.reporters.JUnitReportReporter -->
<testsuite hostname="HashStudiozs-MacBook-Pro.local" failures="0" tests="6" name="com.employee.framework.TC004_Put_Employee_Record" time="0.033" errors="0" timestamp="10 Oct 2021 09:46:12 GMT" skipped="0">
  <testcase classname="com.employee.framework.TC004_Put_Employee_Record" name="CheckstatusLine" time="0.002"/>
  <testcase classname="com.employee.framework.TC004_Put_Employee_Record" name="checkContentType" time="0.003"/>
  <testcase classname="com.employee.framework.TC004_Put_Employee_Record" name="checkServerType" time="0.003"/>
  <testcase classname="com.employee.framework.TC004_Put_Employee_Record" name="checkResponseBody" time="0.009"/>
  <testcase classname="com.employee.framework.TC004_Put_Employee_Record" name="checkContentEncoding" time="0.003"/>
  <testcase classname="com.employee.framework.TC004_Put_Employee_Record" name="checkStatusCode" time="0.013"/>
</testsuite> <!-- com.employee.framework.TC004_Put_Employee_Record -->
