<?xml version="1.0" encoding="UTF-8"?>
<!-- Generated by org.testng.reporters.JUnitReportReporter -->
<testsuite hostname="HashStudiozs-MacBook-Pro.local" failures="0" tests="9" name="com.employee.framework.TC001_Get_All_Employees" time="0.157" errors="0" timestamp="07 Oct 2021 14:46:26 GMT" skipped="0">
  <testcase classname="com.employee.framework.TC001_Get_All_Employees" name="checkCookies" time="0.009"/>
  <testcase classname="com.employee.framework.TC001_Get_All_Employees" name="checkcontentEncoding" time="0.005"/>
  <testcase classname="com.employee.framework.TC001_Get_All_Employees" name="checkContentType" time="0.016"/>
  <testcase classname="com.employee.framework.TC001_Get_All_Employees" name="checkResponseTime" time="0.007"/>
  <testcase classname="com.employee.framework.TC001_Get_All_Employees" name="checkserverType" time="0.027"/>
  <testcase classname="com.employee.framework.TC001_Get_All_Employees" name="checkStatusCode" time="0.009"/>
  <testcase classname="com.employee.framework.TC001_Get_All_Employees" name="checkResposeBody" time="0.060"/>
  <testcase classname="com.employee.framework.TC001_Get_All_Employees" name="checkContentLenght" time="0.014"/>
  <testcase classname="com.employee.framework.TC001_Get_All_Employees" name="checkstatusLine" time="0.010"/>
</testsuite> <!-- com.employee.framework.TC001_Get_All_Employees -->
