<?xml version="1.0" encoding="UTF-8"?>
<!-- Generated by org.testng.reporters.JUnitReportReporter -->
<testsuite hostname="HashStudiozs-MacBook-Pro.local" failures="0" tests="2" name="com.testNg.concepts.TC_2_TestNg_Annotations" time="0.011" errors="0" timestamp="30 Oct 2021 08:53:54 GMT" skipped="0">
  <testcase classname="com.testNg.concepts.TC_2_TestNg_Annotations" name="test3" time="0.006"/>
  <testcase classname="com.testNg.concepts.TC_2_TestNg_Annotations" name="test4" time="0.005"/>
</testsuite> <!-- com.testNg.concepts.TC_2_TestNg_Annotations -->
