<?xml version="1.0" encoding="UTF-8"?>
<!-- Generated by org.testng.reporters.JUnitReportReporter -->
<testsuite hostname="HashStudiozs-MacBook-Pro.local" failures="0" tests="1" name="restAssuredAPITesting.TC002_POST_Request" time="3.509" errors="0" timestamp="08 Sept 2021 07:36:19 GMT" skipped="0">
  <testcase classname="restAssuredAPITesting.TC002_POST_Request" name="addRegisterStudent" time="3.509"/>
</testsuite> <!-- restAssuredAPITesting.TC002_POST_Request -->
