<?xml version="1.0" encoding="UTF-8"?>
<!-- Generated by org.testng.reporters.JUnitReportReporter -->
<testsuite hostname="HashStudiozs-MacBook-Pro.local" failures="0" tests="1" name="com.testNg.concepts.Tutorial_6_Grouping_Testcases" time="0.034" errors="0" timestamp="30 Oct 2021 10:18:37 GMT" skipped="0">
  <testcase classname="com.testNg.concepts.Tutorial_6_Grouping_Testcases" name="startCar" time="0.034"/>
</testsuite> <!-- com.testNg.concepts.Tutorial_6_Grouping_Testcases -->
